[2016-05-26 00:42:15,726] WARNING : Session data corrupted
[2016-05-26 00:42:15,775] ERROR : Internal Server Error: /
Traceback (most recent call last):
  File "/home/guinsly/.pyenv/versions/django1.9.3.4.3/lib/python3.4/site-packages/django/core/handlers/base.py", line 174, in get_response
    response = self.process_exception_by_middleware(e, request)
  File "/home/guinsly/.pyenv/versions/django1.9.3.4.3/lib/python3.4/site-packages/django/core/handlers/base.py", line 172, in get_response
    response = response.render()
  File "/home/guinsly/.pyenv/versions/django1.9.3.4.3/lib/python3.4/site-packages/django/template/response.py", line 160, in render
    self.content = self.rendered_content
  File "/home/guinsly/.pyenv/versions/django1.9.3.4.3/lib/python3.4/site-packages/django/template/response.py", line 137, in rendered_content
    content = template.render(context, self._request)
  File "/home/guinsly/.pyenv/versions/django1.9.3.4.3/lib/python3.4/site-packages/django/template/backends/django.py", line 95, in render
    return self.template.render(context)
  File "/home/guinsly/.pyenv/versions/django1.9.3.4.3/lib/python3.4/site-packages/django/template/base.py", line 206, in render
    return self._render(context)
  File "/home/guinsly/.pyenv/versions/django1.9.3.4.3/lib/python3.4/site-packages/django/test/utils.py", line 92, in instrumented_test_render
    return self.nodelist.render(context)
  File "/home/guinsly/.pyenv/versions/django1.9.3.4.3/lib/python3.4/site-packages/django/template/base.py", line 992, in render
    bit = node.render_annotated(context)
  File "/home/guinsly/.pyenv/versions/django1.9.3.4.3/lib/python3.4/site-packages/django/template/base.py", line 959, in render_annotated
    return self.render(context)
  File "/home/guinsly/.pyenv/versions/django1.9.3.4.3/lib/python3.4/site-packages/django/template/loader_tags.py", line 173, in render
    return compiled_parent._render(context)
  File "/home/guinsly/.pyenv/versions/django1.9.3.4.3/lib/python3.4/site-packages/django/test/utils.py", line 92, in instrumented_test_render
    return self.nodelist.render(context)
  File "/home/guinsly/.pyenv/versions/django1.9.3.4.3/lib/python3.4/site-packages/django/template/base.py", line 992, in render
    bit = node.render_annotated(context)
  File "/home/guinsly/.pyenv/versions/django1.9.3.4.3/lib/python3.4/site-packages/django/template/base.py", line 959, in render_annotated
    return self.render(context)
  File "/home/guinsly/.pyenv/versions/django1.9.3.4.3/lib/python3.4/site-packages/django/template/loader_tags.py", line 69, in render
    result = block.nodelist.render(context)
  File "/home/guinsly/.pyenv/versions/django1.9.3.4.3/lib/python3.4/site-packages/django/template/base.py", line 992, in render
    bit = node.render_annotated(context)
  File "/home/guinsly/.pyenv/versions/django1.9.3.4.3/lib/python3.4/site-packages/django/template/base.py", line 959, in render_annotated
    return self.render(context)
  File "/home/guinsly/.pyenv/versions/django1.9.3.4.3/lib/python3.4/site-packages/django/template/base.py", line 1049, in render
    return render_value_in_context(output, context)
  File "/home/guinsly/.pyenv/versions/django1.9.3.4.3/lib/python3.4/site-packages/django/template/base.py", line 1026, in render_value_in_context
    value = force_text(value)
  File "/home/guinsly/.pyenv/versions/django1.9.3.4.3/lib/python3.4/site-packages/django/utils/encoding.py", line 76, in force_text
    s = six.text_type(s)
  File "/home/guinsly/.pyenv/versions/django1.9.3.4.3/lib/python3.4/site-packages/django/db/models/query.py", line 234, in __repr__
    data = list(self[:REPR_OUTPUT_SIZE + 1])
  File "/home/guinsly/.pyenv/versions/django1.9.3.4.3/lib/python3.4/site-packages/django/db/models/query.py", line 258, in __iter__
    self._fetch_all()
  File "/home/guinsly/.pyenv/versions/django1.9.3.4.3/lib/python3.4/site-packages/django/db/models/query.py", line 1074, in _fetch_all
    self._result_cache = list(self.iterator())
  File "/home/guinsly/.pyenv/versions/django1.9.3.4.3/lib/python3.4/site-packages/django/db/models/query.py", line 52, in __iter__
    results = compiler.execute_sql()
  File "/home/guinsly/.pyenv/versions/django1.9.3.4.3/lib/python3.4/site-packages/django/db/models/sql/compiler.py", line 837, in execute_sql
    sql, params = self.as_sql()
  File "/home/guinsly/.pyenv/versions/django1.9.3.4.3/lib/python3.4/site-packages/django/db/models/sql/compiler.py", line 382, in as_sql
    extra_select, order_by, group_by = self.pre_sql_setup()
  File "/home/guinsly/.pyenv/versions/django1.9.3.4.3/lib/python3.4/site-packages/django/db/models/sql/compiler.py", line 49, in pre_sql_setup
    order_by = self.get_order_by()
  File "/home/guinsly/.pyenv/versions/django1.9.3.4.3/lib/python3.4/site-packages/django/db/models/sql/compiler.py", line 295, in get_order_by
    field, self.query.get_meta(), default_order=asc))
  File "/home/guinsly/.pyenv/versions/django1.9.3.4.3/lib/python3.4/site-packages/django/db/models/sql/compiler.py", line 566, in find_ordering_name
    field, targets, alias, joins, path, opts = self._setup_joins(pieces, opts, alias)
  File "/home/guinsly/.pyenv/versions/django1.9.3.4.3/lib/python3.4/site-packages/django/db/models/sql/compiler.py", line 599, in _setup_joins
    pieces, opts, alias)
  File "/home/guinsly/.pyenv/versions/django1.9.3.4.3/lib/python3.4/site-packages/django/db/models/sql/query.py", line 1405, in setup_joins
    names, opts, allow_many, fail_on_missing=True)
  File "/home/guinsly/.pyenv/versions/django1.9.3.4.3/lib/python3.4/site-packages/django/db/models/sql/query.py", line 1330, in names_to_path
    "Choices are: %s" % (name, ", ".join(available)))
django.core.exceptions.FieldError: Cannot resolve keyword 'expirydate' into field. Choices are: EXPIRYDATE, JOBREF, JOBURL, JOB_SUMMARY, LANGUAGE, NAME, POSITION, POSTDATE, SALARYMAX, SALARYMIN, SALARYTYPE, description, id, slug, tweeted
[2016-05-26 00:42:39,373] WARNING : Session data corrupted
[2016-05-26 00:42:39,395] ERROR : Internal Server Error: /jobs/
Traceback (most recent call last):
  File "/home/guinsly/.pyenv/versions/django1.9.3.4.3/lib/python3.4/site-packages/rest_framework/fields.py", line 401, in get_attribute
    return get_attribute(instance, self.source_attrs)
  File "/home/guinsly/.pyenv/versions/django1.9.3.4.3/lib/python3.4/site-packages/rest_framework/fields.py", line 76, in get_attribute
    instance = getattr(instance, attr)
AttributeError: 'Emploi' object has no attribute 'description'

During handling of the above exception, another exception occurred:

Traceback (most recent call last):
  File "/home/guinsly/.pyenv/versions/django1.9.3.4.3/lib/python3.4/site-packages/django/core/handlers/base.py", line 149, in get_response
    response = self.process_exception_by_middleware(e, request)
  File "/home/guinsly/.pyenv/versions/django1.9.3.4.3/lib/python3.4/site-packages/django/core/handlers/base.py", line 147, in get_response
    response = wrapped_callback(request, *callback_args, **callback_kwargs)
  File "/home/guinsly/.pyenv/versions/django1.9.3.4.3/lib/python3.4/site-packages/django/views/decorators/csrf.py", line 58, in wrapped_view
    return view_func(*args, **kwargs)
  File "/home/guinsly/.pyenv/versions/django1.9.3.4.3/lib/python3.4/site-packages/django/views/generic/base.py", line 68, in view
    return self.dispatch(request, *args, **kwargs)
  File "/home/guinsly/.pyenv/versions/django1.9.3.4.3/lib/python3.4/site-packages/rest_framework/views.py", line 466, in dispatch
    response = self.handle_exception(exc)
  File "/home/guinsly/.pyenv/versions/django1.9.3.4.3/lib/python3.4/site-packages/rest_framework/views.py", line 463, in dispatch
    response = handler(request, *args, **kwargs)
  File "/home/guinsly/.pyenv/versions/django1.9.3.4.3/lib/python3.4/site-packages/rest_framework/decorators.py", line 53, in handler
    return func(*args, **kwargs)
  File "/home/guinsly/development/public/project/django-ottawa-city-jobs/applications/cityjobs/views.py", line 18, in all_jobs
    return Response(serializers.data)
  File "/home/guinsly/.pyenv/versions/django1.9.3.4.3/lib/python3.4/site-packages/rest_framework/serializers.py", line 658, in data
    ret = super(ListSerializer, self).data
  File "/home/guinsly/.pyenv/versions/django1.9.3.4.3/lib/python3.4/site-packages/rest_framework/serializers.py", line 223, in data
    self._data = self.to_representation(self.instance)
  File "/home/guinsly/.pyenv/versions/django1.9.3.4.3/lib/python3.4/site-packages/rest_framework/serializers.py", line 598, in to_representation
    self.child.to_representation(item) for item in iterable
  File "/home/guinsly/.pyenv/versions/django1.9.3.4.3/lib/python3.4/site-packages/rest_framework/serializers.py", line 598, in <listcomp>
    self.child.to_representation(item) for item in iterable
  File "/home/guinsly/.pyenv/versions/django1.9.3.4.3/lib/python3.4/site-packages/rest_framework/serializers.py", line 447, in to_representation
    attribute = field.get_attribute(instance)
  File "/home/guinsly/.pyenv/versions/django1.9.3.4.3/lib/python3.4/site-packages/rest_framework/fields.py", line 418, in get_attribute
    raise type(exc)(msg)
AttributeError: Got AttributeError when attempting to get a value for field `description` on serializer `EmploiSerializer`.
The serializer field might be named incorrectly and not match any attribute or key on the `Emploi` instance.
Original exception text was: 'Emploi' object has no attribute 'description'.
[2016-05-26 12:55:43,330] WARNING : Session data corrupted
[2016-05-26 12:57:36,664] WARNING : Session data corrupted
[2016-05-26 12:57:36,891] WARNING : Session data corrupted
[2016-05-26 12:58:20,988] WARNING : Session data corrupted
[2016-05-26 12:58:25,355] WARNING : Session data corrupted
[2016-05-26 12:58:31,552] WARNING : Session data corrupted
[2016-05-26 13:03:55,327] WARNING : Not Found: /emplois/searchJobs
[2016-05-26 13:04:43,358] WARNING : Not Found: /emplois/searchJobs
[2016-05-26 13:11:04,146] WARNING : Not Found: /emplois/searchJobs
[2016-05-26 13:21:23,816] INFO %(lineno)d %(module)s 12704 -1219602688 : Test Django Logging
[2016-05-26 13:21:23,816] INFO %(lineno)d %(module)s 12704 -1219602688 : Something went wrong!
[2016-05-26 13:21:23,816] ERROR %(lineno)d %(module)s 12704 -1219602688 : Test Django Logging
[2016-05-26 13:21:39,003] INFO %(lineno)d %(module)s 12730 -1219168512 : Test Django Logging
[2016-05-26 13:21:39,003] INFO %(lineno)d %(module)s 12730 -1219168512 : Something went wrong!
[2016-05-26 13:21:39,003] ERROR %(lineno)d %(module)s 12730 -1219168512 : Test Django Logging
[2016-05-26 13:21:44,204] INFO %(lineno)d %(module)s 12774 -1219627264 : Test Django Logging
[2016-05-26 13:21:44,204] INFO %(lineno)d %(module)s 12774 -1219627264 : Something went wrong!
[2016-05-26 13:21:44,204] ERROR %(lineno)d %(module)s 12774 -1219627264 : Test Django Logging
[2016-05-26 13:21:44,796] INFO %(lineno)d %(module)s 12802 -1219410176 : Test Django Logging
[2016-05-26 13:21:44,796] INFO %(lineno)d %(module)s 12802 -1219410176 : Something went wrong!
[2016-05-26 13:21:44,797] ERROR %(lineno)d %(module)s 12802 -1219410176 : Test Django Logging
[2016-05-26 13:22:14,494] INFO %(lineno)d %(module)s 12834 -1219492096 : Test Django Logging
[2016-05-26 13:22:14,494] INFO %(lineno)d %(module)s 12834 -1219492096 : Something went wrong!
[2016-05-26 13:22:14,494] ERROR %(lineno)d %(module)s 12834 -1219492096 : Test Django Logging
[2016-05-26 13:22:37,892] INFO %(lineno)d %(module)s 12941 -1219770624 : Something went wrong!
[2016-05-26 13:22:37,892] ERROR %(lineno)d %(module)s 12941 -1219770624 : Test Django Logging
[2016-05-26 13:22:43,846] INFO %(lineno)d %(module)s 12955 -1219422464 : Something went wrong!
[2016-05-26 13:22:43,846] ERROR %(lineno)d %(module)s 12955 -1219422464 : Test Django Logging
[2016-05-26 13:22:54,673] INFO %(lineno)d %(module)s 12992 -1219057920 : Something went wrong!
[2016-05-26 13:22:54,673] ERROR %(lineno)d %(module)s 12992 -1219057920 : Test Django Logging
[2016-05-26 13:23:00,647] ERROR %(lineno)d %(module)s 13010 -1219717376 : Test Django Logging
[2016-05-26 13:23:05,462] ERROR %(lineno)d %(module)s 13010 -1263535296 : Test Django Logging
[2016-05-26 13:23:05,462] INFO %(lineno)d %(module)s 13010 -1263535296 : LIQPAY: API Call from LiqPay: <QueryDict: {}>
[2016-05-26 13:23:28,173] ERROR %(lineno)d %(module)s 13158 -1219729664 : Test Django Logging
[2016-05-26 13:23:50,560] ERROR %(lineno)d %(module)s 13183 -1219799296 : Test Django Logging
[2016-05-26 13:24:01,728] INFO %(lineno)d %(module)s 13210 -1263535296 : Language is set to : FR
[2016-05-26 13:24:51,301] INFO %(lineno)d %(module)s 13361 -1263535296 : Language is set to : FR
[2016-05-26 13:24:51,307] ERROR %(lineno)d %(module)s 13361 -1263535296 : Internal Server Error: /
Traceback (most recent call last):
  File "/home/guinsly/.pyenv/versions/django1.9.3.4.3/lib/python3.4/site-packages/django/core/handlers/base.py", line 149, in get_response
    response = self.process_exception_by_middleware(e, request)
  File "/home/guinsly/.pyenv/versions/django1.9.3.4.3/lib/python3.4/site-packages/django/core/handlers/base.py", line 147, in get_response
    response = wrapped_callback(request, *callback_args, **callback_kwargs)
  File "/home/guinsly/.pyenv/versions/django1.9.3.4.3/lib/python3.4/site-packages/django/views/generic/base.py", line 68, in view
    return self.dispatch(request, *args, **kwargs)
  File "/home/guinsly/.pyenv/versions/django1.9.3.4.3/lib/python3.4/site-packages/django/views/generic/base.py", line 88, in dispatch
    return handler(request, *args, **kwargs)
  File "/home/guinsly/.pyenv/versions/django1.9.3.4.3/lib/python3.4/site-packages/django/views/generic/list.py", line 159, in get
    self.object_list = self.get_queryset()
  File "/home/guinsly/development/public/project/django-ottawa-city-jobs/applications/emplois/views.py", line 54, in get_queryset
    .order_by('EXPIRYDATE').count())
TypeError: Can't convert 'int' object to str implicitly
[2016-05-26 13:25:17,695] INFO %(lineno)d %(module)s 13409 -1262486720 : Language is set to : FR
[2016-05-26 13:25:17,702] ERROR %(lineno)d %(module)s 13409 -1262486720 : Internal Server Error: /
Traceback (most recent call last):
  File "/home/guinsly/.pyenv/versions/django1.9.3.4.3/lib/python3.4/site-packages/django/core/handlers/base.py", line 149, in get_response
    response = self.process_exception_by_middleware(e, request)
  File "/home/guinsly/.pyenv/versions/django1.9.3.4.3/lib/python3.4/site-packages/django/core/handlers/base.py", line 147, in get_response
    response = wrapped_callback(request, *callback_args, **callback_kwargs)
  File "/home/guinsly/.pyenv/versions/django1.9.3.4.3/lib/python3.4/site-packages/django/views/generic/base.py", line 68, in view
    return self.dispatch(request, *args, **kwargs)
  File "/home/guinsly/.pyenv/versions/django1.9.3.4.3/lib/python3.4/site-packages/django/views/generic/base.py", line 88, in dispatch
    return handler(request, *args, **kwargs)
  File "/home/guinsly/.pyenv/versions/django1.9.3.4.3/lib/python3.4/site-packages/django/views/generic/list.py", line 159, in get
    self.object_list = self.get_queryset()
  File "/home/guinsly/development/public/project/django-ottawa-city-jobs/applications/emplois/views.py", line 52, in get_queryset
    logger.info('Number of Object retrived : '+ Job.objects.filter(language=self.language(),EXPIRYDATE__gt=datetime.now()).order_by('EXPIRYDATE').count())
TypeError: Can't convert 'int' object to str implicitly
[2016-05-26 13:25:59,575] INFO %(lineno)d %(module)s 13490 -1263535296 : Language is set to : FR
[2016-05-26 13:25:59,581] INFO %(lineno)d %(module)s 13490 -1263535296 : Number of Object retrived : 0
[2016-05-26 13:25:59,581] INFO %(lineno)d %(module)s 13490 -1263535296 : Language is set to : FR
[2016-05-26 13:28:24,671] INFO %(lineno)d %(module)s 13807 -1263535296 : Language is set to : FR
[2016-05-26 13:28:24,678] INFO %(lineno)d %(module)s 13807 -1263535296 : Number of Object retrieved : 0
[2016-05-26 13:28:24,678] INFO %(lineno)d %(module)s 13807 -1263535296 : Language is set to : FR
[2016-05-26 13:28:24,678] INFO %(lineno)d %(module)s 13807 -1263535296 : Language : FR
[2016-05-26 13:28:24,678] INFO %(lineno)d %(module)s 13807 -1263535296 : ExpiryDate2016-05-26 13:28:24.678643
[2016-05-26 13:28:24,678] INFO %(lineno)d %(module)s 13807 -1263535296 : Language is set to : FR
[2016-05-26 13:28:45,371] INFO %(lineno)d %(module)s 13945 -1263535296 : Language is set to : FR
[2016-05-26 13:28:45,378] INFO %(lineno)d %(module)s 13945 -1263535296 : Number of Object retrieved : 0
[2016-05-26 13:28:45,379] INFO %(lineno)d %(module)s 13945 -1263535296 : Language is set to : FR
[2016-05-26 13:28:45,379] INFO %(lineno)d %(module)s 13945 -1263535296 : Language : FR
[2016-05-26 13:28:45,379] INFO %(lineno)d %(module)s 13945 -1263535296 : ExpiryDate : 2016-05-26 13:28:45.379333
[2016-05-26 13:28:45,379] INFO %(lineno)d %(module)s 13945 -1263535296 : Language is set to : FR
[2016-05-26 13:29:17,035] INFO %(funcName) 14100 -1263535296 : Language is set to : FR
[2016-05-26 13:29:17,042] INFO %(funcName) 14100 -1263535296 : Number of Object retrieved : 0
[2016-05-26 13:29:17,043] INFO %(funcName) 14100 -1263535296 : Language is set to : FR
[2016-05-26 13:29:17,043] INFO %(funcName) 14100 -1263535296 : Language : FR
[2016-05-26 13:29:17,043] INFO %(funcName) 14100 -1263535296 : ExpiryDate : 2016-05-26 13:29:17.043284
[2016-05-26 13:29:17,043] INFO %(funcName) 14100 -1263535296 : Language is set to : FR
[2016-05-26 13:29:36,664] INFO %(process)d -1263535296 : Language is set to : FR
[2016-05-26 13:29:36,670] INFO %(process)d -1263535296 : Number of Object retrieved : 0
[2016-05-26 13:29:36,670] INFO %(process)d -1263535296 : Language is set to : FR
[2016-05-26 13:29:36,670] INFO %(process)d -1263535296 : Language : FR
[2016-05-26 13:29:36,670] INFO %(process)d -1263535296 : ExpiryDate : 2016-05-26 13:29:36.670865
[2016-05-26 13:29:36,671] INFO %(process)d -1263535296 : Language is set to : FR
[2016-05-26 13:30:29,940] INFO %(process)d -1263535296 : Language is set to : FR
[2016-05-26 13:30:29,950] INFO %(process)d -1263535296 : Number of Object retrieved : 0
[2016-05-26 13:30:29,950] INFO %(process)d -1263535296 : Language is set to : FR
[2016-05-26 13:30:29,950] INFO %(process)d -1263535296 : Language : FR
[2016-05-26 13:30:29,950] INFO %(process)d -1263535296 : ExpiryDate : 2016-05-26 13:30:29.950641
[2016-05-26 13:30:29,950] INFO %(process)d -1263535296 : Language is set to : FR
[2016-05-26 13:31:20,213] INFO %(process)d -1263535296 : Number of Object retrieved : 0
[2016-05-26 13:31:20,213] INFO %(process)d -1263535296 : Language : FR
[2016-05-26 13:31:20,213] INFO %(process)d -1263535296 : ExpiryDate : 2016-05-26 13:31:20.213971
[2016-05-26 13:31:48,818] INFO %(process)d -1263535296 : Number of Object retrieved : 0
[2016-05-26 13:31:48,818] INFO %(process)d -1263535296 : Language : FR
[2016-05-26 13:31:48,818] INFO %(process)d -1263535296 : ExpiryDate : 2016-05-26 13:31:48.818622
[2016-05-26 13:33:23,516] INFO %(process)d -1294992576 : Number of Object retrieved : 0
[2016-05-26 13:33:23,516] INFO %(process)d -1294992576 : Language : FR
[2016-05-26 13:33:23,516] INFO %(process)d -1294992576 : ExpiryDate : 2016-05-26 13:33:23.516478
[2016-05-26 13:43:25,309] INFO %(process)d -1263535296 : Number of Object retrieved : 98
[2016-05-26 13:43:25,310] INFO %(process)d -1263535296 : Language : FR
[2016-05-26 13:43:25,310] INFO %(process)d -1263535296 : ExpiryDate : 2016-05-26 13:43:25.310350
[2016-05-26 13:43:35,440] INFO %(process)d -1274021056 : Number of Object retrieved : 98
[2016-05-26 13:43:35,440] INFO %(process)d -1274021056 : Language : EN
[2016-05-26 13:43:35,440] INFO %(process)d -1274021056 : ExpiryDate : 2016-05-26 13:43:35.440661
[2016-05-26 13:45:37,820] ERROR %(process)d -1263535296 : Internal Server Error: /emplois/
Traceback (most recent call last):
  File "/home/guinsly/.pyenv/versions/django1.9.3.4.3/lib/python3.4/site-packages/django/core/handlers/base.py", line 149, in get_response
    response = self.process_exception_by_middleware(e, request)
  File "/home/guinsly/.pyenv/versions/django1.9.3.4.3/lib/python3.4/site-packages/django/core/handlers/base.py", line 147, in get_response
    response = wrapped_callback(request, *callback_args, **callback_kwargs)
  File "/home/guinsly/.pyenv/versions/django1.9.3.4.3/lib/python3.4/site-packages/django/views/generic/base.py", line 68, in view
    return self.dispatch(request, *args, **kwargs)
  File "/home/guinsly/.pyenv/versions/django1.9.3.4.3/lib/python3.4/site-packages/django/views/generic/base.py", line 88, in dispatch
    return handler(request, *args, **kwargs)
  File "/home/guinsly/.pyenv/versions/django1.9.3.4.3/lib/python3.4/site-packages/django/views/generic/list.py", line 159, in get
    self.object_list = self.get_queryset()
  File "/home/guinsly/development/public/project/django-ottawa-city-jobs/applications/emplois/views.py", line 52, in get_queryset
    logger.info('Number of Object retrived : '+ language)
NameError: name 'language' is not defined
[2016-05-26 13:45:57,477] INFO %(process)d -1263535296 : Language is set to : EN
[2016-05-26 13:46:02,787] INFO %(process)d -1315964096 : Language is set to : FR
[2016-05-26 13:46:19,707] WARNING %(process)d -1315964096 : Not Found: /emplois/searchJobs
[2016-05-26 13:57:30,521] INFO % : Language is set to : EN
[2016-05-26 13:59:40,445] INFO % : Language is set to : EN
[2016-05-26 15:06:30,534] INFO % : Language is set to : EN
[2016-05-26 15:06:55,422] INFO % : Language is set to : EN
[2016-05-26 15:07:00,515] INFO % : Language is set to : EN
[2016-05-26 15:07:05,457] INFO % : Language is set to : EN
[2016-05-26 15:07:37,551] INFO % : Language is set to : EN
[2016-05-26 15:07:38,064] INFO % : Language is set to : EN
[2016-05-26 15:07:38,635] INFO % : Language is set to : EN
[2016-05-26 15:07:38,916] INFO % : Language is set to : EN
[2016-05-26 15:08:45,629] INFO % : Language is set to : EN
[2016-05-26 15:08:59,014] INFO % : Language is set to : EN
[2016-05-26 15:09:00,271] INFO % : Language is set to : EN
[2016-05-26 15:09:00,793] INFO % : Language is set to : EN
[2016-05-26 15:09:01,073] INFO % : Language is set to : EN
[2016-05-26 15:09:01,122] INFO % : Language is set to : EN
[2016-05-26 15:09:06,005] INFO % : Language is set to : EN
[2016-05-26 15:09:06,484] INFO % : Language is set to : EN
[2016-05-26 15:09:06,733] INFO % : Language is set to : EN
[2016-05-26 15:09:06,787] INFO % : Language is set to : EN
[2016-05-26 15:09:38,440] INFO % : Language is set to : EN
[2016-05-26 15:09:39,012] INFO % : Language is set to : EN
[2016-05-26 15:09:39,308] INFO % : Language is set to : EN
[2016-05-26 15:09:39,370] INFO % : Language is set to : EN
[2016-05-26 15:09:39,643] INFO % : Language is set to : EN
[2016-05-26 15:12:48,355] ERROR % : Internal Server Error: /
Traceback (most recent call last):
  File "/home/guinsly/.pyenv/versions/django1.9.3.4.3/lib/python3.4/site-packages/django/core/handlers/base.py", line 174, in get_response
    response = self.process_exception_by_middleware(e, request)
  File "/home/guinsly/.pyenv/versions/django1.9.3.4.3/lib/python3.4/site-packages/django/core/handlers/base.py", line 172, in get_response
    response = response.render()
  File "/home/guinsly/.pyenv/versions/django1.9.3.4.3/lib/python3.4/site-packages/django/template/response.py", line 160, in render
    self.content = self.rendered_content
  File "/home/guinsly/.pyenv/versions/django1.9.3.4.3/lib/python3.4/site-packages/django/template/response.py", line 137, in rendered_content
    content = template.render(context, self._request)
  File "/home/guinsly/.pyenv/versions/django1.9.3.4.3/lib/python3.4/site-packages/django/template/backends/django.py", line 95, in render
    return self.template.render(context)
  File "/home/guinsly/.pyenv/versions/django1.9.3.4.3/lib/python3.4/site-packages/django/template/base.py", line 206, in render
    return self._render(context)
  File "/home/guinsly/.pyenv/versions/django1.9.3.4.3/lib/python3.4/site-packages/django/template/base.py", line 197, in _render
    return self.nodelist.render(context)
  File "/home/guinsly/.pyenv/versions/django1.9.3.4.3/lib/python3.4/site-packages/django/template/base.py", line 992, in render
    bit = node.render_annotated(context)
  File "/home/guinsly/.pyenv/versions/django1.9.3.4.3/lib/python3.4/site-packages/django/template/base.py", line 959, in render_annotated
    return self.render(context)
  File "/home/guinsly/.pyenv/versions/django1.9.3.4.3/lib/python3.4/site-packages/django/template/loader_tags.py", line 173, in render
    return compiled_parent._render(context)
  File "/home/guinsly/.pyenv/versions/django1.9.3.4.3/lib/python3.4/site-packages/django/template/base.py", line 197, in _render
    return self.nodelist.render(context)
  File "/home/guinsly/.pyenv/versions/django1.9.3.4.3/lib/python3.4/site-packages/django/template/base.py", line 992, in render
    bit = node.render_annotated(context)
  File "/home/guinsly/.pyenv/versions/django1.9.3.4.3/lib/python3.4/site-packages/django/template/base.py", line 959, in render_annotated
    return self.render(context)
  File "/home/guinsly/.pyenv/versions/django1.9.3.4.3/lib/python3.4/site-packages/django/templatetags/static.py", line 103, in render
    url = self.url(context)
  File "/home/guinsly/.pyenv/versions/django1.9.3.4.3/lib/python3.4/site-packages/django/contrib/staticfiles/templatetags/staticfiles.py", line 16, in url
    return static(path)
  File "/home/guinsly/.pyenv/versions/django1.9.3.4.3/lib/python3.4/site-packages/django/contrib/staticfiles/templatetags/staticfiles.py", line 9, in static
    return staticfiles_storage.url(path)
  File "/home/guinsly/.pyenv/versions/django1.9.3.4.3/lib/python3.4/site-packages/django/contrib/staticfiles/storage.py", line 131, in url
    hashed_name = self.stored_name(clean_name)
  File "/home/guinsly/.pyenv/versions/django1.9.3.4.3/lib/python3.4/site-packages/django/contrib/staticfiles/storage.py", line 280, in stored_name
    cache_name = self.clean_name(self.hashed_name(name))
  File "/home/guinsly/.pyenv/versions/django1.9.3.4.3/lib/python3.4/site-packages/django/contrib/staticfiles/storage.py", line 94, in hashed_name
    (clean_name, self))
ValueError: The file 'js/jquery.scrollUp.js' could not be found with <whitenoise.storage.CompressedManifestStaticFilesStorage object at 0xb4117d8c>.
[2016-05-26 15:12:54,058] WARNING % : Not Found: /emplois
[2016-05-26 15:12:54,121] ERROR % : Internal Server Error: /emplois/
Traceback (most recent call last):
  File "/home/guinsly/.pyenv/versions/django1.9.3.4.3/lib/python3.4/site-packages/django/core/handlers/base.py", line 174, in get_response
    response = self.process_exception_by_middleware(e, request)
  File "/home/guinsly/.pyenv/versions/django1.9.3.4.3/lib/python3.4/site-packages/django/core/handlers/base.py", line 172, in get_response
    response = response.render()
  File "/home/guinsly/.pyenv/versions/django1.9.3.4.3/lib/python3.4/site-packages/django/template/response.py", line 160, in render
    self.content = self.rendered_content
  File "/home/guinsly/.pyenv/versions/django1.9.3.4.3/lib/python3.4/site-packages/django/template/response.py", line 137, in rendered_content
    content = template.render(context, self._request)
  File "/home/guinsly/.pyenv/versions/django1.9.3.4.3/lib/python3.4/site-packages/django/template/backends/django.py", line 95, in render
    return self.template.render(context)
  File "/home/guinsly/.pyenv/versions/django1.9.3.4.3/lib/python3.4/site-packages/django/template/base.py", line 206, in render
    return self._render(context)
  File "/home/guinsly/.pyenv/versions/django1.9.3.4.3/lib/python3.4/site-packages/django/template/base.py", line 197, in _render
    return self.nodelist.render(context)
  File "/home/guinsly/.pyenv/versions/django1.9.3.4.3/lib/python3.4/site-packages/django/template/base.py", line 992, in render
    bit = node.render_annotated(context)
  File "/home/guinsly/.pyenv/versions/django1.9.3.4.3/lib/python3.4/site-packages/django/template/base.py", line 959, in render_annotated
    return self.render(context)
  File "/home/guinsly/.pyenv/versions/django1.9.3.4.3/lib/python3.4/site-packages/django/template/loader_tags.py", line 173, in render
    return compiled_parent._render(context)
  File "/home/guinsly/.pyenv/versions/django1.9.3.4.3/lib/python3.4/site-packages/django/template/base.py", line 197, in _render
    return self.nodelist.render(context)
  File "/home/guinsly/.pyenv/versions/django1.9.3.4.3/lib/python3.4/site-packages/django/template/base.py", line 992, in render
    bit = node.render_annotated(context)
  File "/home/guinsly/.pyenv/versions/django1.9.3.4.3/lib/python3.4/site-packages/django/template/base.py", line 959, in render_annotated
    return self.render(context)
  File "/home/guinsly/.pyenv/versions/django1.9.3.4.3/lib/python3.4/site-packages/django/templatetags/static.py", line 103, in render
    url = self.url(context)
  File "/home/guinsly/.pyenv/versions/django1.9.3.4.3/lib/python3.4/site-packages/django/contrib/staticfiles/templatetags/staticfiles.py", line 16, in url
    return static(path)
  File "/home/guinsly/.pyenv/versions/django1.9.3.4.3/lib/python3.4/site-packages/django/contrib/staticfiles/templatetags/staticfiles.py", line 9, in static
    return staticfiles_storage.url(path)
  File "/home/guinsly/.pyenv/versions/django1.9.3.4.3/lib/python3.4/site-packages/django/contrib/staticfiles/storage.py", line 131, in url
    hashed_name = self.stored_name(clean_name)
  File "/home/guinsly/.pyenv/versions/django1.9.3.4.3/lib/python3.4/site-packages/django/contrib/staticfiles/storage.py", line 280, in stored_name
    cache_name = self.clean_name(self.hashed_name(name))
  File "/home/guinsly/.pyenv/versions/django1.9.3.4.3/lib/python3.4/site-packages/django/contrib/staticfiles/storage.py", line 94, in hashed_name
    (clean_name, self))
ValueError: The file 'js/jquery.scrollUp.js' could not be found with <whitenoise.storage.CompressedManifestStaticFilesStorage object at 0xb4117d8c>.
[2016-05-26 15:15:20,272] WARNING % : Not Found: /static/js/jquery.scrollUp.js
[2016-05-26 15:15:39,466] WARNING % : Not Found: /static/js/jquery.scrollUp.js
[2016-05-26 15:16:10,073] WARNING % : Not Found: /static/js/jquery.scrollUp.js
[2016-05-26 15:16:46,041] WARNING % : Not Found: /emplois/sdf
[2016-05-26 15:20:16,149] WARNING % : Not Found: /static/js/jquery.scrollUp.js
[2016-05-26 15:20:16,149] ERROR % : Internal Server Error: /static/js/jquery.scrollUp.js
Traceback (most recent call last):
  File "/home/guinsly/.pyenv/versions/django1.9.3.4.3/lib/python3.4/site-packages/django/core/handlers/base.py", line 134, in get_response
    resolver_match = resolver.resolve(request.path_info)
  File "/home/guinsly/.pyenv/versions/django1.9.3.4.3/lib/python3.4/site-packages/django/core/urlresolvers.py", line 404, in resolve
    raise Resolver404({'tried': tried, 'path': new_path})
django.core.urlresolvers.Resolver404: {'path': 'static/js/jquery.scrollUp.js', 'tried': [[<RegexURLPattern None ^jobs/>], [<RegexURLResolver <module 'applications.emplois.urls' from '/home/guinsly/development/public/project/django-ottawa-city-jobs/applications/emplois/urls.py'> (emplois:emplois) ^emplois/>], [<RegexURLResolver <module 'applications.emplois.urls' from '/home/guinsly/development/public/project/django-ottawa-city-jobs/applications/emplois/urls.py'> (emplois:emplois) ^ottawacityjobs/>], [<RegexURLResolver <RegexURLPattern list> (admin:admin) ^admin/>], [<RegexURLResolver <module 'django.conf.urls.i18n' from '/home/guinsly/.pyenv/versions/django1.9.3.4.3/lib/python3.4/site-packages/django/conf/urls/i18n.py'> (None:None) ^i18n/>], [<RegexURLResolver <module 'applications.emplois.urls' from '/home/guinsly/development/public/project/django-ottawa-city-jobs/applications/emplois/urls.py'> (emplois:emplois) ^>, <RegexURLPattern detail ^(?P<pk>[0-9]+)/$>], [<RegexURLResolver <module 'applications.emplois.urls' from '/home/guinsly/development/public/project/django-ottawa-city-jobs/applications/emplois/urls.py'> (emplois:emplois) ^>, <RegexURLPattern stats ^stats$>], [<RegexURLResolver <module 'applications.emplois.urls' from '/home/guinsly/development/public/project/django-ottawa-city-jobs/applications/emplois/urls.py'> (emplois:emplois) ^>, <RegexURLPattern job_search ^searchJobs/$>], [<RegexURLResolver <module 'applications.emplois.urls' from '/home/guinsly/development/public/project/django-ottawa-city-jobs/applications/emplois/urls.py'> (emplois:emplois) ^>, <RegexURLPattern emplois ^stats_emplois/$>], [<RegexURLResolver <module 'applications.emplois.urls' from '/home/guinsly/development/public/project/django-ottawa-city-jobs/applications/emplois/urls.py'> (emplois:emplois) ^>, <RegexURLPattern about ^about$>], [<RegexURLResolver <module 'applications.emplois.urls' from '/home/guinsly/development/public/project/django-ottawa-city-jobs/applications/emplois/urls.py'> (emplois:emplois) ^>, <RegexURLPattern all_jobs_posted ^all_jobs_posted$>], [<RegexURLResolver <module 'applications.emplois.urls' from '/home/guinsly/development/public/project/django-ottawa-city-jobs/applications/emplois/urls.py'> (emplois:emplois) ^>, <RegexURLPattern expire ^expiring$>], [<RegexURLResolver <module 'applications.emplois.urls' from '/home/guinsly/development/public/project/django-ottawa-city-jobs/applications/emplois/urls.py'> (emplois:emplois) ^>, <RegexURLPattern latest ^latest$>], [<RegexURLResolver <module 'applications.emplois.urls' from '/home/guinsly/development/public/project/django-ottawa-city-jobs/applications/emplois/urls.py'> (emplois:emplois) ^>, <RegexURLResolver <module 'django.conf.urls.i18n' from '/home/guinsly/.pyenv/versions/django1.9.3.4.3/lib/python3.4/site-packages/django/conf/urls/i18n.py'> (None:None) ^i18n/>], [<RegexURLResolver <module 'applications.emplois.urls' from '/home/guinsly/development/public/project/django-ottawa-city-jobs/applications/emplois/urls.py'> (emplois:emplois) ^>, <RegexURLPattern upgrade ^update/$>], [<RegexURLResolver <module 'applications.emplois.urls' from '/home/guinsly/development/public/project/django-ottawa-city-jobs/applications/emplois/urls.py'> (emplois:emplois) ^>, <RegexURLPattern download ^download/$>], [<RegexURLResolver <module 'applications.emplois.urls' from '/home/guinsly/development/public/project/django-ottawa-city-jobs/applications/emplois/urls.py'> (emplois:emplois) ^>, <RegexURLPattern index ^emplois/$>], [<RegexURLResolver <module 'applications.emplois.urls' from '/home/guinsly/development/public/project/django-ottawa-city-jobs/applications/emplois/urls.py'> (emplois:emplois) ^>, <RegexURLPattern index ^$>]]}

During handling of the above exception, another exception occurred:

Traceback (most recent call last):
  File "/home/guinsly/.pyenv/versions/django1.9.3.4.3/lib/python3.4/site-packages/django/core/urlresolvers.py", line 129, in get_callable
    view_func = getattr(mod, func_name)
AttributeError: 'module' object has no attribute 'handler404'

During handling of the above exception, another exception occurred:

Traceback (most recent call last):
  File "/home/guinsly/.pyenv/versions/django1.9.3.4.3/lib/python3.4/site-packages/django/core/handlers/base.py", line 87, in get_exception_response
    callback, param_dict = resolver.resolve_error_handler(status_code)
  File "/home/guinsly/.pyenv/versions/django1.9.3.4.3/lib/python3.4/site-packages/django/core/urlresolvers.py", line 436, in resolve_error_handler
    return get_callable(callback), {}
  File "/home/guinsly/.pyenv/versions/3.4.4/lib/python3.4/functools.py", line 448, in wrapper
    result = user_function(*args, **kwds)
  File "/home/guinsly/.pyenv/versions/django1.9.3.4.3/lib/python3.4/site-packages/django/core/urlresolvers.py", line 136, in get_callable
    (lookup_view, mod_name))
django.core.exceptions.ViewDoesNotExist: Could not import 'applications.emplois.handler404'. View does not exist in module applications.emplois.
[2016-05-26 15:20:19,854] WARNING % : Not Found: /emplois/ljl
[2016-05-26 15:20:19,856] ERROR % : Internal Server Error: /emplois/ljl
Traceback (most recent call last):
  File "/home/guinsly/.pyenv/versions/django1.9.3.4.3/lib/python3.4/site-packages/django/core/handlers/base.py", line 134, in get_response
    resolver_match = resolver.resolve(request.path_info)
  File "/home/guinsly/.pyenv/versions/django1.9.3.4.3/lib/python3.4/site-packages/django/core/urlresolvers.py", line 404, in resolve
    raise Resolver404({'tried': tried, 'path': new_path})
django.core.urlresolvers.Resolver404: {'path': 'emplois/ljl', 'tried': [[<RegexURLPattern None ^jobs/>], [<RegexURLResolver <module 'applications.emplois.urls' from '/home/guinsly/development/public/project/django-ottawa-city-jobs/applications/emplois/urls.py'> (emplois:emplois) ^emplois/>, <RegexURLPattern detail ^(?P<pk>[0-9]+)/$>], [<RegexURLResolver <module 'applications.emplois.urls' from '/home/guinsly/development/public/project/django-ottawa-city-jobs/applications/emplois/urls.py'> (emplois:emplois) ^emplois/>, <RegexURLPattern stats ^stats$>], [<RegexURLResolver <module 'applications.emplois.urls' from '/home/guinsly/development/public/project/django-ottawa-city-jobs/applications/emplois/urls.py'> (emplois:emplois) ^emplois/>, <RegexURLPattern job_search ^searchJobs/$>], [<RegexURLResolver <module 'applications.emplois.urls' from '/home/guinsly/development/public/project/django-ottawa-city-jobs/applications/emplois/urls.py'> (emplois:emplois) ^emplois/>, <RegexURLPattern emplois ^stats_emplois/$>], [<RegexURLResolver <module 'applications.emplois.urls' from '/home/guinsly/development/public/project/django-ottawa-city-jobs/applications/emplois/urls.py'> (emplois:emplois) ^emplois/>, <RegexURLPattern about ^about$>], [<RegexURLResolver <module 'applications.emplois.urls' from '/home/guinsly/development/public/project/django-ottawa-city-jobs/applications/emplois/urls.py'> (emplois:emplois) ^emplois/>, <RegexURLPattern all_jobs_posted ^all_jobs_posted$>], [<RegexURLResolver <module 'applications.emplois.urls' from '/home/guinsly/development/public/project/django-ottawa-city-jobs/applications/emplois/urls.py'> (emplois:emplois) ^emplois/>, <RegexURLPattern expire ^expiring$>], [<RegexURLResolver <module 'applications.emplois.urls' from '/home/guinsly/development/public/project/django-ottawa-city-jobs/applications/emplois/urls.py'> (emplois:emplois) ^emplois/>, <RegexURLPattern latest ^latest$>], [<RegexURLResolver <module 'applications.emplois.urls' from '/home/guinsly/development/public/project/django-ottawa-city-jobs/applications/emplois/urls.py'> (emplois:emplois) ^emplois/>, <RegexURLResolver <module 'django.conf.urls.i18n' from '/home/guinsly/.pyenv/versions/django1.9.3.4.3/lib/python3.4/site-packages/django/conf/urls/i18n.py'> (None:None) ^i18n/>], [<RegexURLResolver <module 'applications.emplois.urls' from '/home/guinsly/development/public/project/django-ottawa-city-jobs/applications/emplois/urls.py'> (emplois:emplois) ^emplois/>, <RegexURLPattern upgrade ^update/$>], [<RegexURLResolver <module 'applications.emplois.urls' from '/home/guinsly/development/public/project/django-ottawa-city-jobs/applications/emplois/urls.py'> (emplois:emplois) ^emplois/>, <RegexURLPattern download ^download/$>], [<RegexURLResolver <module 'applications.emplois.urls' from '/home/guinsly/development/public/project/django-ottawa-city-jobs/applications/emplois/urls.py'> (emplois:emplois) ^emplois/>, <RegexURLPattern index ^emplois/$>], [<RegexURLResolver <module 'applications.emplois.urls' from '/home/guinsly/development/public/project/django-ottawa-city-jobs/applications/emplois/urls.py'> (emplois:emplois) ^emplois/>, <RegexURLPattern index ^$>], [<RegexURLResolver <module 'applications.emplois.urls' from '/home/guinsly/development/public/project/django-ottawa-city-jobs/applications/emplois/urls.py'> (emplois:emplois) ^ottawacityjobs/>], [<RegexURLResolver <RegexURLPattern list> (admin:admin) ^admin/>], [<RegexURLResolver <module 'django.conf.urls.i18n' from '/home/guinsly/.pyenv/versions/django1.9.3.4.3/lib/python3.4/site-packages/django/conf/urls/i18n.py'> (None:None) ^i18n/>], [<RegexURLResolver <module 'applications.emplois.urls' from '/home/guinsly/development/public/project/django-ottawa-city-jobs/applications/emplois/urls.py'> (emplois:emplois) ^>, <RegexURLPattern detail ^(?P<pk>[0-9]+)/$>], [<RegexURLResolver <module 'applications.emplois.urls' from '/home/guinsly/development/public/project/django-ottawa-city-jobs/applications/emplois/urls.py'> (emplois:emplois) ^>, <RegexURLPattern stats ^stats$>], [<RegexURLResolver <module 'applications.emplois.urls' from '/home/guinsly/development/public/project/django-ottawa-city-jobs/applications/emplois/urls.py'> (emplois:emplois) ^>, <RegexURLPattern job_search ^searchJobs/$>], [<RegexURLResolver <module 'applications.emplois.urls' from '/home/guinsly/development/public/project/django-ottawa-city-jobs/applications/emplois/urls.py'> (emplois:emplois) ^>, <RegexURLPattern emplois ^stats_emplois/$>], [<RegexURLResolver <module 'applications.emplois.urls' from '/home/guinsly/development/public/project/django-ottawa-city-jobs/applications/emplois/urls.py'> (emplois:emplois) ^>, <RegexURLPattern about ^about$>], [<RegexURLResolver <module 'applications.emplois.urls' from '/home/guinsly/development/public/project/django-ottawa-city-jobs/applications/emplois/urls.py'> (emplois:emplois) ^>, <RegexURLPattern all_jobs_posted ^all_jobs_posted$>], [<RegexURLResolver <module 'applications.emplois.urls' from '/home/guinsly/development/public/project/django-ottawa-city-jobs/applications/emplois/urls.py'> (emplois:emplois) ^>, <RegexURLPattern expire ^expiring$>], [<RegexURLResolver <module 'applications.emplois.urls' from '/home/guinsly/development/public/project/django-ottawa-city-jobs/applications/emplois/urls.py'> (emplois:emplois) ^>, <RegexURLPattern latest ^latest$>], [<RegexURLResolver <module 'applications.emplois.urls' from '/home/guinsly/development/public/project/django-ottawa-city-jobs/applications/emplois/urls.py'> (emplois:emplois) ^>, <RegexURLResolver <module 'django.conf.urls.i18n' from '/home/guinsly/.pyenv/versions/django1.9.3.4.3/lib/python3.4/site-packages/django/conf/urls/i18n.py'> (None:None) ^i18n/>], [<RegexURLResolver <module 'applications.emplois.urls' from '/home/guinsly/development/public/project/django-ottawa-city-jobs/applications/emplois/urls.py'> (emplois:emplois) ^>, <RegexURLPattern upgrade ^update/$>], [<RegexURLResolver <module 'applications.emplois.urls' from '/home/guinsly/development/public/project/django-ottawa-city-jobs/applications/emplois/urls.py'> (emplois:emplois) ^>, <RegexURLPattern download ^download/$>], [<RegexURLResolver <module 'applications.emplois.urls' from '/home/guinsly/development/public/project/django-ottawa-city-jobs/applications/emplois/urls.py'> (emplois:emplois) ^>, <RegexURLPattern index ^emplois/$>], [<RegexURLResolver <module 'applications.emplois.urls' from '/home/guinsly/development/public/project/django-ottawa-city-jobs/applications/emplois/urls.py'> (emplois:emplois) ^>, <RegexURLPattern index ^$>]]}

During handling of the above exception, another exception occurred:

Traceback (most recent call last):
  File "/home/guinsly/.pyenv/versions/django1.9.3.4.3/lib/python3.4/site-packages/django/core/urlresolvers.py", line 129, in get_callable
    view_func = getattr(mod, func_name)
AttributeError: 'module' object has no attribute 'handler404'

During handling of the above exception, another exception occurred:

Traceback (most recent call last):
  File "/home/guinsly/.pyenv/versions/django1.9.3.4.3/lib/python3.4/site-packages/django/core/handlers/base.py", line 87, in get_exception_response
    callback, param_dict = resolver.resolve_error_handler(status_code)
  File "/home/guinsly/.pyenv/versions/django1.9.3.4.3/lib/python3.4/site-packages/django/core/urlresolvers.py", line 436, in resolve_error_handler
    return get_callable(callback), {}
  File "/home/guinsly/.pyenv/versions/3.4.4/lib/python3.4/functools.py", line 448, in wrapper
    result = user_function(*args, **kwds)
  File "/home/guinsly/.pyenv/versions/django1.9.3.4.3/lib/python3.4/site-packages/django/core/urlresolvers.py", line 136, in get_callable
    (lookup_view, mod_name))
django.core.exceptions.ViewDoesNotExist: Could not import 'applications.emplois.handler404'. View does not exist in module applications.emplois.
[2016-05-26 15:21:06,821] WARNING % : Not Found: /emplois/ljl
[2016-05-26 15:21:06,822] ERROR % : Internal Server Error: /emplois/ljl
Traceback (most recent call last):
  File "/home/guinsly/.pyenv/versions/django1.9.3.4.3/lib/python3.4/site-packages/django/core/handlers/base.py", line 134, in get_response
    resolver_match = resolver.resolve(request.path_info)
  File "/home/guinsly/.pyenv/versions/django1.9.3.4.3/lib/python3.4/site-packages/django/core/urlresolvers.py", line 404, in resolve
    raise Resolver404({'tried': tried, 'path': new_path})
django.core.urlresolvers.Resolver404: {'tried': [[<RegexURLPattern None ^jobs/>], [<RegexURLResolver <module 'applications.emplois.urls' from '/home/guinsly/development/public/project/django-ottawa-city-jobs/applications/emplois/urls.py'> (emplois:emplois) ^emplois/>, <RegexURLPattern detail ^(?P<pk>[0-9]+)/$>], [<RegexURLResolver <module 'applications.emplois.urls' from '/home/guinsly/development/public/project/django-ottawa-city-jobs/applications/emplois/urls.py'> (emplois:emplois) ^emplois/>, <RegexURLPattern stats ^stats$>], [<RegexURLResolver <module 'applications.emplois.urls' from '/home/guinsly/development/public/project/django-ottawa-city-jobs/applications/emplois/urls.py'> (emplois:emplois) ^emplois/>, <RegexURLPattern job_search ^searchJobs/$>], [<RegexURLResolver <module 'applications.emplois.urls' from '/home/guinsly/development/public/project/django-ottawa-city-jobs/applications/emplois/urls.py'> (emplois:emplois) ^emplois/>, <RegexURLPattern emplois ^stats_emplois/$>], [<RegexURLResolver <module 'applications.emplois.urls' from '/home/guinsly/development/public/project/django-ottawa-city-jobs/applications/emplois/urls.py'> (emplois:emplois) ^emplois/>, <RegexURLPattern about ^about$>], [<RegexURLResolver <module 'applications.emplois.urls' from '/home/guinsly/development/public/project/django-ottawa-city-jobs/applications/emplois/urls.py'> (emplois:emplois) ^emplois/>, <RegexURLPattern all_jobs_posted ^all_jobs_posted$>], [<RegexURLResolver <module 'applications.emplois.urls' from '/home/guinsly/development/public/project/django-ottawa-city-jobs/applications/emplois/urls.py'> (emplois:emplois) ^emplois/>, <RegexURLPattern expire ^expiring$>], [<RegexURLResolver <module 'applications.emplois.urls' from '/home/guinsly/development/public/project/django-ottawa-city-jobs/applications/emplois/urls.py'> (emplois:emplois) ^emplois/>, <RegexURLPattern latest ^latest$>], [<RegexURLResolver <module 'applications.emplois.urls' from '/home/guinsly/development/public/project/django-ottawa-city-jobs/applications/emplois/urls.py'> (emplois:emplois) ^emplois/>, <RegexURLResolver <module 'django.conf.urls.i18n' from '/home/guinsly/.pyenv/versions/django1.9.3.4.3/lib/python3.4/site-packages/django/conf/urls/i18n.py'> (None:None) ^i18n/>], [<RegexURLResolver <module 'applications.emplois.urls' from '/home/guinsly/development/public/project/django-ottawa-city-jobs/applications/emplois/urls.py'> (emplois:emplois) ^emplois/>, <RegexURLPattern upgrade ^update/$>], [<RegexURLResolver <module 'applications.emplois.urls' from '/home/guinsly/development/public/project/django-ottawa-city-jobs/applications/emplois/urls.py'> (emplois:emplois) ^emplois/>, <RegexURLPattern download ^download/$>], [<RegexURLResolver <module 'applications.emplois.urls' from '/home/guinsly/development/public/project/django-ottawa-city-jobs/applications/emplois/urls.py'> (emplois:emplois) ^emplois/>, <RegexURLPattern index ^emplois/$>], [<RegexURLResolver <module 'applications.emplois.urls' from '/home/guinsly/development/public/project/django-ottawa-city-jobs/applications/emplois/urls.py'> (emplois:emplois) ^emplois/>, <RegexURLPattern index ^$>], [<RegexURLResolver <module 'applications.emplois.urls' from '/home/guinsly/development/public/project/django-ottawa-city-jobs/applications/emplois/urls.py'> (emplois:emplois) ^ottawacityjobs/>], [<RegexURLResolver <RegexURLPattern list> (admin:admin) ^admin/>], [<RegexURLResolver <module 'django.conf.urls.i18n' from '/home/guinsly/.pyenv/versions/django1.9.3.4.3/lib/python3.4/site-packages/django/conf/urls/i18n.py'> (None:None) ^i18n/>], [<RegexURLResolver <module 'applications.emplois.urls' from '/home/guinsly/development/public/project/django-ottawa-city-jobs/applications/emplois/urls.py'> (emplois:emplois) ^>, <RegexURLPattern detail ^(?P<pk>[0-9]+)/$>], [<RegexURLResolver <module 'applications.emplois.urls' from '/home/guinsly/development/public/project/django-ottawa-city-jobs/applications/emplois/urls.py'> (emplois:emplois) ^>, <RegexURLPattern stats ^stats$>], [<RegexURLResolver <module 'applications.emplois.urls' from '/home/guinsly/development/public/project/django-ottawa-city-jobs/applications/emplois/urls.py'> (emplois:emplois) ^>, <RegexURLPattern job_search ^searchJobs/$>], [<RegexURLResolver <module 'applications.emplois.urls' from '/home/guinsly/development/public/project/django-ottawa-city-jobs/applications/emplois/urls.py'> (emplois:emplois) ^>, <RegexURLPattern emplois ^stats_emplois/$>], [<RegexURLResolver <module 'applications.emplois.urls' from '/home/guinsly/development/public/project/django-ottawa-city-jobs/applications/emplois/urls.py'> (emplois:emplois) ^>, <RegexURLPattern about ^about$>], [<RegexURLResolver <module 'applications.emplois.urls' from '/home/guinsly/development/public/project/django-ottawa-city-jobs/applications/emplois/urls.py'> (emplois:emplois) ^>, <RegexURLPattern all_jobs_posted ^all_jobs_posted$>], [<RegexURLResolver <module 'applications.emplois.urls' from '/home/guinsly/development/public/project/django-ottawa-city-jobs/applications/emplois/urls.py'> (emplois:emplois) ^>, <RegexURLPattern expire ^expiring$>], [<RegexURLResolver <module 'applications.emplois.urls' from '/home/guinsly/development/public/project/django-ottawa-city-jobs/applications/emplois/urls.py'> (emplois:emplois) ^>, <RegexURLPattern latest ^latest$>], [<RegexURLResolver <module 'applications.emplois.urls' from '/home/guinsly/development/public/project/django-ottawa-city-jobs/applications/emplois/urls.py'> (emplois:emplois) ^>, <RegexURLResolver <module 'django.conf.urls.i18n' from '/home/guinsly/.pyenv/versions/django1.9.3.4.3/lib/python3.4/site-packages/django/conf/urls/i18n.py'> (None:None) ^i18n/>], [<RegexURLResolver <module 'applications.emplois.urls' from '/home/guinsly/development/public/project/django-ottawa-city-jobs/applications/emplois/urls.py'> (emplois:emplois) ^>, <RegexURLPattern upgrade ^update/$>], [<RegexURLResolver <module 'applications.emplois.urls' from '/home/guinsly/development/public/project/django-ottawa-city-jobs/applications/emplois/urls.py'> (emplois:emplois) ^>, <RegexURLPattern download ^download/$>], [<RegexURLResolver <module 'applications.emplois.urls' from '/home/guinsly/development/public/project/django-ottawa-city-jobs/applications/emplois/urls.py'> (emplois:emplois) ^>, <RegexURLPattern index ^emplois/$>], [<RegexURLResolver <module 'applications.emplois.urls' from '/home/guinsly/development/public/project/django-ottawa-city-jobs/applications/emplois/urls.py'> (emplois:emplois) ^>, <RegexURLPattern index ^$>]], 'path': 'emplois/ljl'}

During handling of the above exception, another exception occurred:

Traceback (most recent call last):
  File "/home/guinsly/.pyenv/versions/django1.9.3.4.3/lib/python3.4/site-packages/django/core/urlresolvers.py", line 129, in get_callable
    view_func = getattr(mod, func_name)
AttributeError: 'module' object has no attribute 'handler404'

During handling of the above exception, another exception occurred:

Traceback (most recent call last):
  File "/home/guinsly/.pyenv/versions/django1.9.3.4.3/lib/python3.4/site-packages/django/core/handlers/base.py", line 87, in get_exception_response
    callback, param_dict = resolver.resolve_error_handler(status_code)
  File "/home/guinsly/.pyenv/versions/django1.9.3.4.3/lib/python3.4/site-packages/django/core/urlresolvers.py", line 436, in resolve_error_handler
    return get_callable(callback), {}
  File "/home/guinsly/.pyenv/versions/3.4.4/lib/python3.4/functools.py", line 448, in wrapper
    result = user_function(*args, **kwds)
  File "/home/guinsly/.pyenv/versions/django1.9.3.4.3/lib/python3.4/site-packages/django/core/urlresolvers.py", line 136, in get_callable
    (lookup_view, mod_name))
django.core.exceptions.ViewDoesNotExist: Could not import 'applications.emplois.handler404'. View does not exist in module applications.emplois.
[2016-05-26 15:21:29,361] WARNING % : Not Found: /emplois/ljl
[2016-05-26 15:21:29,361] ERROR % : Internal Server Error: /emplois/ljl
Traceback (most recent call last):
  File "/home/guinsly/.pyenv/versions/django1.9.3.4.3/lib/python3.4/site-packages/django/core/handlers/base.py", line 134, in get_response
    resolver_match = resolver.resolve(request.path_info)
  File "/home/guinsly/.pyenv/versions/django1.9.3.4.3/lib/python3.4/site-packages/django/core/urlresolvers.py", line 404, in resolve
    raise Resolver404({'tried': tried, 'path': new_path})
django.core.urlresolvers.Resolver404: {'tried': [[<RegexURLPattern None ^jobs/>], [<RegexURLResolver <module 'applications.emplois.urls' from '/home/guinsly/development/public/project/django-ottawa-city-jobs/applications/emplois/urls.py'> (emplois:emplois) ^emplois/>, <RegexURLPattern detail ^(?P<pk>[0-9]+)/$>], [<RegexURLResolver <module 'applications.emplois.urls' from '/home/guinsly/development/public/project/django-ottawa-city-jobs/applications/emplois/urls.py'> (emplois:emplois) ^emplois/>, <RegexURLPattern stats ^stats$>], [<RegexURLResolver <module 'applications.emplois.urls' from '/home/guinsly/development/public/project/django-ottawa-city-jobs/applications/emplois/urls.py'> (emplois:emplois) ^emplois/>, <RegexURLPattern job_search ^searchJobs/$>], [<RegexURLResolver <module 'applications.emplois.urls' from '/home/guinsly/development/public/project/django-ottawa-city-jobs/applications/emplois/urls.py'> (emplois:emplois) ^emplois/>, <RegexURLPattern emplois ^stats_emplois/$>], [<RegexURLResolver <module 'applications.emplois.urls' from '/home/guinsly/development/public/project/django-ottawa-city-jobs/applications/emplois/urls.py'> (emplois:emplois) ^emplois/>, <RegexURLPattern about ^about$>], [<RegexURLResolver <module 'applications.emplois.urls' from '/home/guinsly/development/public/project/django-ottawa-city-jobs/applications/emplois/urls.py'> (emplois:emplois) ^emplois/>, <RegexURLPattern all_jobs_posted ^all_jobs_posted$>], [<RegexURLResolver <module 'applications.emplois.urls' from '/home/guinsly/development/public/project/django-ottawa-city-jobs/applications/emplois/urls.py'> (emplois:emplois) ^emplois/>, <RegexURLPattern expire ^expiring$>], [<RegexURLResolver <module 'applications.emplois.urls' from '/home/guinsly/development/public/project/django-ottawa-city-jobs/applications/emplois/urls.py'> (emplois:emplois) ^emplois/>, <RegexURLPattern latest ^latest$>], [<RegexURLResolver <module 'applications.emplois.urls' from '/home/guinsly/development/public/project/django-ottawa-city-jobs/applications/emplois/urls.py'> (emplois:emplois) ^emplois/>, <RegexURLResolver <module 'django.conf.urls.i18n' from '/home/guinsly/.pyenv/versions/django1.9.3.4.3/lib/python3.4/site-packages/django/conf/urls/i18n.py'> (None:None) ^i18n/>], [<RegexURLResolver <module 'applications.emplois.urls' from '/home/guinsly/development/public/project/django-ottawa-city-jobs/applications/emplois/urls.py'> (emplois:emplois) ^emplois/>, <RegexURLPattern upgrade ^update/$>], [<RegexURLResolver <module 'applications.emplois.urls' from '/home/guinsly/development/public/project/django-ottawa-city-jobs/applications/emplois/urls.py'> (emplois:emplois) ^emplois/>, <RegexURLPattern download ^download/$>], [<RegexURLResolver <module 'applications.emplois.urls' from '/home/guinsly/development/public/project/django-ottawa-city-jobs/applications/emplois/urls.py'> (emplois:emplois) ^emplois/>, <RegexURLPattern index ^emplois/$>], [<RegexURLResolver <module 'applications.emplois.urls' from '/home/guinsly/development/public/project/django-ottawa-city-jobs/applications/emplois/urls.py'> (emplois:emplois) ^emplois/>, <RegexURLPattern index ^$>], [<RegexURLResolver <module 'applications.emplois.urls' from '/home/guinsly/development/public/project/django-ottawa-city-jobs/applications/emplois/urls.py'> (emplois:emplois) ^ottawacityjobs/>], [<RegexURLResolver <RegexURLPattern list> (admin:admin) ^admin/>], [<RegexURLResolver <module 'django.conf.urls.i18n' from '/home/guinsly/.pyenv/versions/django1.9.3.4.3/lib/python3.4/site-packages/django/conf/urls/i18n.py'> (None:None) ^i18n/>], [<RegexURLResolver <module 'applications.emplois.urls' from '/home/guinsly/development/public/project/django-ottawa-city-jobs/applications/emplois/urls.py'> (emplois:emplois) ^>, <RegexURLPattern detail ^(?P<pk>[0-9]+)/$>], [<RegexURLResolver <module 'applications.emplois.urls' from '/home/guinsly/development/public/project/django-ottawa-city-jobs/applications/emplois/urls.py'> (emplois:emplois) ^>, <RegexURLPattern stats ^stats$>], [<RegexURLResolver <module 'applications.emplois.urls' from '/home/guinsly/development/public/project/django-ottawa-city-jobs/applications/emplois/urls.py'> (emplois:emplois) ^>, <RegexURLPattern job_search ^searchJobs/$>], [<RegexURLResolver <module 'applications.emplois.urls' from '/home/guinsly/development/public/project/django-ottawa-city-jobs/applications/emplois/urls.py'> (emplois:emplois) ^>, <RegexURLPattern emplois ^stats_emplois/$>], [<RegexURLResolver <module 'applications.emplois.urls' from '/home/guinsly/development/public/project/django-ottawa-city-jobs/applications/emplois/urls.py'> (emplois:emplois) ^>, <RegexURLPattern about ^about$>], [<RegexURLResolver <module 'applications.emplois.urls' from '/home/guinsly/development/public/project/django-ottawa-city-jobs/applications/emplois/urls.py'> (emplois:emplois) ^>, <RegexURLPattern all_jobs_posted ^all_jobs_posted$>], [<RegexURLResolver <module 'applications.emplois.urls' from '/home/guinsly/development/public/project/django-ottawa-city-jobs/applications/emplois/urls.py'> (emplois:emplois) ^>, <RegexURLPattern expire ^expiring$>], [<RegexURLResolver <module 'applications.emplois.urls' from '/home/guinsly/development/public/project/django-ottawa-city-jobs/applications/emplois/urls.py'> (emplois:emplois) ^>, <RegexURLPattern latest ^latest$>], [<RegexURLResolver <module 'applications.emplois.urls' from '/home/guinsly/development/public/project/django-ottawa-city-jobs/applications/emplois/urls.py'> (emplois:emplois) ^>, <RegexURLResolver <module 'django.conf.urls.i18n' from '/home/guinsly/.pyenv/versions/django1.9.3.4.3/lib/python3.4/site-packages/django/conf/urls/i18n.py'> (None:None) ^i18n/>], [<RegexURLResolver <module 'applications.emplois.urls' from '/home/guinsly/development/public/project/django-ottawa-city-jobs/applications/emplois/urls.py'> (emplois:emplois) ^>, <RegexURLPattern upgrade ^update/$>], [<RegexURLResolver <module 'applications.emplois.urls' from '/home/guinsly/development/public/project/django-ottawa-city-jobs/applications/emplois/urls.py'> (emplois:emplois) ^>, <RegexURLPattern download ^download/$>], [<RegexURLResolver <module 'applications.emplois.urls' from '/home/guinsly/development/public/project/django-ottawa-city-jobs/applications/emplois/urls.py'> (emplois:emplois) ^>, <RegexURLPattern index ^emplois/$>], [<RegexURLResolver <module 'applications.emplois.urls' from '/home/guinsly/development/public/project/django-ottawa-city-jobs/applications/emplois/urls.py'> (emplois:emplois) ^>, <RegexURLPattern index ^$>]], 'path': 'emplois/ljl'}

During handling of the above exception, another exception occurred:

Traceback (most recent call last):
  File "/home/guinsly/.pyenv/versions/django1.9.3.4.3/lib/python3.4/site-packages/django/core/urlresolvers.py", line 129, in get_callable
    view_func = getattr(mod, func_name)
AttributeError: 'module' object has no attribute 'handler404'

During handling of the above exception, another exception occurred:

Traceback (most recent call last):
  File "/home/guinsly/.pyenv/versions/django1.9.3.4.3/lib/python3.4/site-packages/django/core/handlers/base.py", line 87, in get_exception_response
    callback, param_dict = resolver.resolve_error_handler(status_code)
  File "/home/guinsly/.pyenv/versions/django1.9.3.4.3/lib/python3.4/site-packages/django/core/urlresolvers.py", line 436, in resolve_error_handler
    return get_callable(callback), {}
  File "/home/guinsly/.pyenv/versions/3.4.4/lib/python3.4/functools.py", line 448, in wrapper
    result = user_function(*args, **kwds)
  File "/home/guinsly/.pyenv/versions/django1.9.3.4.3/lib/python3.4/site-packages/django/core/urlresolvers.py", line 136, in get_callable
    (lookup_view, mod_name))
django.core.exceptions.ViewDoesNotExist: Could not import 'applications.emplois.handler404'. View does not exist in module applications.emplois.
[2016-05-26 15:22:05,353] WARNING % : Not Found: /emplois/ljl
[2016-05-26 15:24:16,292] WARNING % : Not Found: /emplois/ljl
[2016-05-26 15:24:16,292] ERROR % : Internal Server Error: /emplois/ljl
Traceback (most recent call last):
  File "/home/guinsly/.pyenv/versions/django1.9.3.4.3/lib/python3.4/site-packages/django/core/handlers/base.py", line 134, in get_response
    resolver_match = resolver.resolve(request.path_info)
  File "/home/guinsly/.pyenv/versions/django1.9.3.4.3/lib/python3.4/site-packages/django/core/urlresolvers.py", line 404, in resolve
    raise Resolver404({'tried': tried, 'path': new_path})
django.core.urlresolvers.Resolver404: {'path': 'emplois/ljl', 'tried': [[<RegexURLPattern None ^jobs/>], [<RegexURLResolver <module 'applications.emplois.urls' from '/home/guinsly/development/public/project/django-ottawa-city-jobs/applications/emplois/urls.py'> (emplois:emplois) ^emplois/>, <RegexURLPattern detail ^(?P<pk>[0-9]+)/$>], [<RegexURLResolver <module 'applications.emplois.urls' from '/home/guinsly/development/public/project/django-ottawa-city-jobs/applications/emplois/urls.py'> (emplois:emplois) ^emplois/>, <RegexURLPattern stats ^stats$>], [<RegexURLResolver <module 'applications.emplois.urls' from '/home/guinsly/development/public/project/django-ottawa-city-jobs/applications/emplois/urls.py'> (emplois:emplois) ^emplois/>, <RegexURLPattern job_search ^searchJobs/$>], [<RegexURLResolver <module 'applications.emplois.urls' from '/home/guinsly/development/public/project/django-ottawa-city-jobs/applications/emplois/urls.py'> (emplois:emplois) ^emplois/>, <RegexURLPattern emplois ^stats_emplois/$>], [<RegexURLResolver <module 'applications.emplois.urls' from '/home/guinsly/development/public/project/django-ottawa-city-jobs/applications/emplois/urls.py'> (emplois:emplois) ^emplois/>, <RegexURLPattern about ^about$>], [<RegexURLResolver <module 'applications.emplois.urls' from '/home/guinsly/development/public/project/django-ottawa-city-jobs/applications/emplois/urls.py'> (emplois:emplois) ^emplois/>, <RegexURLPattern all_jobs_posted ^all_jobs_posted$>], [<RegexURLResolver <module 'applications.emplois.urls' from '/home/guinsly/development/public/project/django-ottawa-city-jobs/applications/emplois/urls.py'> (emplois:emplois) ^emplois/>, <RegexURLPattern expire ^expiring$>], [<RegexURLResolver <module 'applications.emplois.urls' from '/home/guinsly/development/public/project/django-ottawa-city-jobs/applications/emplois/urls.py'> (emplois:emplois) ^emplois/>, <RegexURLPattern latest ^latest$>], [<RegexURLResolver <module 'applications.emplois.urls' from '/home/guinsly/development/public/project/django-ottawa-city-jobs/applications/emplois/urls.py'> (emplois:emplois) ^emplois/>, <RegexURLResolver <module 'django.conf.urls.i18n' from '/home/guinsly/.pyenv/versions/django1.9.3.4.3/lib/python3.4/site-packages/django/conf/urls/i18n.py'> (None:None) ^i18n/>], [<RegexURLResolver <module 'applications.emplois.urls' from '/home/guinsly/development/public/project/django-ottawa-city-jobs/applications/emplois/urls.py'> (emplois:emplois) ^emplois/>, <RegexURLPattern upgrade ^update/$>], [<RegexURLResolver <module 'applications.emplois.urls' from '/home/guinsly/development/public/project/django-ottawa-city-jobs/applications/emplois/urls.py'> (emplois:emplois) ^emplois/>, <RegexURLPattern download ^download/$>], [<RegexURLResolver <module 'applications.emplois.urls' from '/home/guinsly/development/public/project/django-ottawa-city-jobs/applications/emplois/urls.py'> (emplois:emplois) ^emplois/>, <RegexURLPattern index ^emplois/$>], [<RegexURLResolver <module 'applications.emplois.urls' from '/home/guinsly/development/public/project/django-ottawa-city-jobs/applications/emplois/urls.py'> (emplois:emplois) ^emplois/>, <RegexURLPattern index ^$>], [<RegexURLResolver <module 'applications.emplois.urls' from '/home/guinsly/development/public/project/django-ottawa-city-jobs/applications/emplois/urls.py'> (emplois:emplois) ^ottawacityjobs/>], [<RegexURLResolver <RegexURLPattern list> (admin:admin) ^admin/>], [<RegexURLResolver <module 'django.conf.urls.i18n' from '/home/guinsly/.pyenv/versions/django1.9.3.4.3/lib/python3.4/site-packages/django/conf/urls/i18n.py'> (None:None) ^i18n/>], [<RegexURLResolver <module 'applications.emplois.urls' from '/home/guinsly/development/public/project/django-ottawa-city-jobs/applications/emplois/urls.py'> (emplois:emplois) ^>, <RegexURLPattern detail ^(?P<pk>[0-9]+)/$>], [<RegexURLResolver <module 'applications.emplois.urls' from '/home/guinsly/development/public/project/django-ottawa-city-jobs/applications/emplois/urls.py'> (emplois:emplois) ^>, <RegexURLPattern stats ^stats$>], [<RegexURLResolver <module 'applications.emplois.urls' from '/home/guinsly/development/public/project/django-ottawa-city-jobs/applications/emplois/urls.py'> (emplois:emplois) ^>, <RegexURLPattern job_search ^searchJobs/$>], [<RegexURLResolver <module 'applications.emplois.urls' from '/home/guinsly/development/public/project/django-ottawa-city-jobs/applications/emplois/urls.py'> (emplois:emplois) ^>, <RegexURLPattern emplois ^stats_emplois/$>], [<RegexURLResolver <module 'applications.emplois.urls' from '/home/guinsly/development/public/project/django-ottawa-city-jobs/applications/emplois/urls.py'> (emplois:emplois) ^>, <RegexURLPattern about ^about$>], [<RegexURLResolver <module 'applications.emplois.urls' from '/home/guinsly/development/public/project/django-ottawa-city-jobs/applications/emplois/urls.py'> (emplois:emplois) ^>, <RegexURLPattern all_jobs_posted ^all_jobs_posted$>], [<RegexURLResolver <module 'applications.emplois.urls' from '/home/guinsly/development/public/project/django-ottawa-city-jobs/applications/emplois/urls.py'> (emplois:emplois) ^>, <RegexURLPattern expire ^expiring$>], [<RegexURLResolver <module 'applications.emplois.urls' from '/home/guinsly/development/public/project/django-ottawa-city-jobs/applications/emplois/urls.py'> (emplois:emplois) ^>, <RegexURLPattern latest ^latest$>], [<RegexURLResolver <module 'applications.emplois.urls' from '/home/guinsly/development/public/project/django-ottawa-city-jobs/applications/emplois/urls.py'> (emplois:emplois) ^>, <RegexURLResolver <module 'django.conf.urls.i18n' from '/home/guinsly/.pyenv/versions/django1.9.3.4.3/lib/python3.4/site-packages/django/conf/urls/i18n.py'> (None:None) ^i18n/>], [<RegexURLResolver <module 'applications.emplois.urls' from '/home/guinsly/development/public/project/django-ottawa-city-jobs/applications/emplois/urls.py'> (emplois:emplois) ^>, <RegexURLPattern upgrade ^update/$>], [<RegexURLResolver <module 'applications.emplois.urls' from '/home/guinsly/development/public/project/django-ottawa-city-jobs/applications/emplois/urls.py'> (emplois:emplois) ^>, <RegexURLPattern download ^download/$>], [<RegexURLResolver <module 'applications.emplois.urls' from '/home/guinsly/development/public/project/django-ottawa-city-jobs/applications/emplois/urls.py'> (emplois:emplois) ^>, <RegexURLPattern index ^emplois/$>], [<RegexURLResolver <module 'applications.emplois.urls' from '/home/guinsly/development/public/project/django-ottawa-city-jobs/applications/emplois/urls.py'> (emplois:emplois) ^>, <RegexURLPattern index ^$>]]}

During handling of the above exception, another exception occurred:

Traceback (most recent call last):
  File "/home/guinsly/.pyenv/versions/django1.9.3.4.3/lib/python3.4/site-packages/django/core/handlers/base.py", line 92, in get_exception_response
    response = callback(request, **dict(param_dict, exception=exception))
TypeError: handler404() got an unexpected keyword argument 'exception'

During handling of the above exception, another exception occurred:

Traceback (most recent call last):
  File "/home/guinsly/.pyenv/versions/django1.9.3.4.3/lib/python3.4/site-packages/django/core/handlers/base.py", line 99, in get_exception_response
    response = callback(request, **param_dict)
  File "/home/guinsly/development/public/project/django-ottawa-city-jobs/applications/emplois/views.py", line 301, in handler404
    response = render('emplois/page_not_found.html')
TypeError: render() missing 1 required positional argument: 'template_name'
[2016-05-26 15:25:06,676] WARNING % : Not Found: /emplois/ljl
[2016-05-26 15:25:17,391] WARNING % : Not Found: /emplois/ljl
[2016-05-26 15:25:45,845] WARNING % : Not Found: /emplois/ljl
[2016-05-26 15:25:45,877] INFO % : Error page not found 404
[2016-05-26 15:26:45,036] WARNING % : Not Found: /emplois/ljl
[2016-05-26 15:26:45,067] INFO % : Error page not found 404
[2016-05-26 15:28:04,335] WARNING % : Not Found: /emplois/ljl
[2016-05-26 15:28:04,337] INFO % : Error page not found 404
[2016-05-26 15:28:07,837] WARNING % : Not Found: /static/js/jquery.scrollUp.js
[2016-05-26 15:28:07,839] INFO % : Error page not found 404
[2016-05-26 15:28:10,061] WARNING % : Not Found: /static/js/jquery.scrollUp.js
[2016-05-26 15:28:10,063] INFO % : Error page not found 404
[2016-05-26 15:28:11,445] WARNING % : Not Found: /static/js/jquery.scrollUp.js
[2016-05-26 15:28:11,456] INFO % : Error page not found 404
[2016-05-26 15:28:16,998] WARNING % : Not Found: /static/js/jquery.scrollUp.js
[2016-05-26 15:28:17,001] INFO % : Error page not found 404
[2016-05-26 15:28:49,363] WARNING % : Not Found: /static/js/jquery.scrollUp.js
[2016-05-26 15:28:49,365] INFO % : Error page not found 404
[2016-05-26 15:29:06,758] ERROR % : Internal Server Error: /jobs/
Traceback (most recent call last):
  File "/home/guinsly/.pyenv/versions/django1.9.3.4.3/lib/python3.4/site-packages/rest_framework/fields.py", line 401, in get_attribute
    return get_attribute(instance, self.source_attrs)
  File "/home/guinsly/.pyenv/versions/django1.9.3.4.3/lib/python3.4/site-packages/rest_framework/fields.py", line 76, in get_attribute
    instance = getattr(instance, attr)
AttributeError: 'Emploi' object has no attribute 'description'

During handling of the above exception, another exception occurred:

Traceback (most recent call last):
  File "/home/guinsly/.pyenv/versions/django1.9.3.4.3/lib/python3.4/site-packages/django/core/handlers/base.py", line 149, in get_response
    response = self.process_exception_by_middleware(e, request)
  File "/home/guinsly/.pyenv/versions/django1.9.3.4.3/lib/python3.4/site-packages/django/core/handlers/base.py", line 147, in get_response
    response = wrapped_callback(request, *callback_args, **callback_kwargs)
  File "/home/guinsly/.pyenv/versions/django1.9.3.4.3/lib/python3.4/site-packages/django/views/decorators/csrf.py", line 58, in wrapped_view
    return view_func(*args, **kwargs)
  File "/home/guinsly/.pyenv/versions/django1.9.3.4.3/lib/python3.4/site-packages/django/views/generic/base.py", line 68, in view
    return self.dispatch(request, *args, **kwargs)
  File "/home/guinsly/.pyenv/versions/django1.9.3.4.3/lib/python3.4/site-packages/rest_framework/views.py", line 466, in dispatch
    response = self.handle_exception(exc)
  File "/home/guinsly/.pyenv/versions/django1.9.3.4.3/lib/python3.4/site-packages/rest_framework/views.py", line 463, in dispatch
    response = handler(request, *args, **kwargs)
  File "/home/guinsly/.pyenv/versions/django1.9.3.4.3/lib/python3.4/site-packages/rest_framework/decorators.py", line 53, in handler
    return func(*args, **kwargs)
  File "/home/guinsly/development/public/project/django-ottawa-city-jobs/applications/cityjobs/views.py", line 18, in all_jobs
    return Response(serializers.data)
  File "/home/guinsly/.pyenv/versions/django1.9.3.4.3/lib/python3.4/site-packages/rest_framework/serializers.py", line 658, in data
    ret = super(ListSerializer, self).data
  File "/home/guinsly/.pyenv/versions/django1.9.3.4.3/lib/python3.4/site-packages/rest_framework/serializers.py", line 223, in data
    self._data = self.to_representation(self.instance)
  File "/home/guinsly/.pyenv/versions/django1.9.3.4.3/lib/python3.4/site-packages/rest_framework/serializers.py", line 598, in to_representation
    self.child.to_representation(item) for item in iterable
  File "/home/guinsly/.pyenv/versions/django1.9.3.4.3/lib/python3.4/site-packages/rest_framework/serializers.py", line 598, in <listcomp>
    self.child.to_representation(item) for item in iterable
  File "/home/guinsly/.pyenv/versions/django1.9.3.4.3/lib/python3.4/site-packages/rest_framework/serializers.py", line 447, in to_representation
    attribute = field.get_attribute(instance)
  File "/home/guinsly/.pyenv/versions/django1.9.3.4.3/lib/python3.4/site-packages/rest_framework/fields.py", line 418, in get_attribute
    raise type(exc)(msg)
AttributeError: Got AttributeError when attempting to get a value for field `description` on serializer `EmploiSerializer`.
The serializer field might be named incorrectly and not match any attribute or key on the `Emploi` instance.
Original exception text was: 'Emploi' object has no attribute 'description'.
[2016-05-26 15:29:06,774] INFO % : Error page not found 500
[2016-05-26 15:30:44,365] WARNING % : Not Found: /static/css/font-awesome.min.css
[2016-05-26 15:30:44,367] INFO % : Error page not found 404
[2016-05-26 15:30:44,370] WARNING % : Not Found: /static/js/cal-heatmap.min.js
[2016-05-26 15:30:44,372] INFO % : Error page not found 404
[2016-05-26 15:30:44,374] WARNING % : Not Found: /static/css/cal-heatmap.css
[2016-05-26 15:30:44,377] INFO % : Error page not found 404
[2016-05-26 15:30:44,403] WARNING % : Not Found: /static/js/jquery.scrollUp.js
[2016-05-26 15:30:44,405] INFO % : Error page not found 404
[2016-05-26 15:32:18,005] WARNING % : Not Found: /static/css/font-awesome.min.css
[2016-05-26 15:32:18,008] INFO % : Error page not found 404
[2016-05-26 15:32:18,012] WARNING % : Not Found: /static/js/cal-heatmap.min.js
[2016-05-26 15:32:18,015] INFO % : Error page not found 404
[2016-05-26 15:32:18,022] WARNING % : Not Found: /static/js/jquery.scrollUp.js
[2016-05-26 15:32:18,025] WARNING % : Not Found: /static/css/cal-heatmap.css
[2016-05-26 15:32:18,026] INFO % : Error page not found 404
[2016-05-26 15:32:18,028] INFO % : Error page not found 404
[2016-05-26 16:07:13,573] WARNING % : Not Found: /emplois/stats_emplois
[2016-05-26 16:07:13,575] INFO % : Error page not found 404
[2016-05-26 16:07:18,835] WARNING % : Not Found: /emplois/stats_emplois
[2016-05-26 16:07:18,839] INFO % : Error page not found 404
[2016-05-26 16:09:25,909] WARNING % : Not Found: /emplois/stats_emplois
[2016-05-26 16:09:25,934] INFO % : Error page not found 404
[2016-05-26 16:09:25,954] INFO % : Annee : 2016
[2016-05-26 16:09:25,954] INFO % : Mois : 2
[2016-05-26 16:09:25,954] INFO % : Jour : 4
[2016-05-26 16:09:25,954] INFO % : Language Code : fr
[2016-05-26 16:10:55,594] WARNING % : Not Found: /emplois/stats_emplois
[2016-05-26 16:10:55,595] INFO % : Error page not found 404
[2016-05-26 16:10:55,620] INFO % : Annee : 2016
[2016-05-26 16:10:55,620] INFO % : Mois : 4
[2016-05-26 16:10:55,621] INFO % : Jour : 11
[2016-05-26 16:10:55,622] INFO % : Language Code : fr
[2016-05-26 16:12:30,489] WARNING % : Not Found: /emplois/jobs
[2016-05-26 16:12:30,491] INFO % : Error page not found 404
[2016-05-26 16:13:03,732] WARNING % : Not Found: /stats_emplois
[2016-05-26 16:13:03,734] INFO % : Error page not found 404
[2016-05-26 16:13:03,755] INFO % : Annee : 2016
[2016-05-26 16:13:03,755] INFO % : Mois : 3
[2016-05-26 16:13:03,755] INFO % : Jour : 1
[2016-05-26 16:13:03,755] INFO % : Language Code : fr
[2016-05-26 16:14:04,077] ERROR % : Internal Server Error: /emplois/stats
Traceback (most recent call last):
  File "/home/guinsly/.pyenv/versions/django1.9.3.4.3/lib/python3.4/site-packages/django/core/urlresolvers.py", line 129, in get_callable
    view_func = getattr(mod, func_name)
AttributeError: 'module' object has no attribute 'stats'

During handling of the above exception, another exception occurred:

Traceback (most recent call last):
  File "/home/guinsly/.pyenv/versions/django1.9.3.4.3/lib/python3.4/site-packages/django/core/handlers/base.py", line 174, in get_response
    response = self.process_exception_by_middleware(e, request)
  File "/home/guinsly/.pyenv/versions/django1.9.3.4.3/lib/python3.4/site-packages/django/core/handlers/base.py", line 172, in get_response
    response = response.render()
  File "/home/guinsly/.pyenv/versions/django1.9.3.4.3/lib/python3.4/site-packages/django/template/response.py", line 160, in render
    self.content = self.rendered_content
  File "/home/guinsly/.pyenv/versions/django1.9.3.4.3/lib/python3.4/site-packages/django/template/response.py", line 137, in rendered_content
    content = template.render(context, self._request)
  File "/home/guinsly/.pyenv/versions/django1.9.3.4.3/lib/python3.4/site-packages/django/template/backends/django.py", line 95, in render
    return self.template.render(context)
  File "/home/guinsly/.pyenv/versions/django1.9.3.4.3/lib/python3.4/site-packages/django/template/base.py", line 206, in render
    return self._render(context)
  File "/home/guinsly/.pyenv/versions/django1.9.3.4.3/lib/python3.4/site-packages/django/template/base.py", line 197, in _render
    return self.nodelist.render(context)
  File "/home/guinsly/.pyenv/versions/django1.9.3.4.3/lib/python3.4/site-packages/django/template/base.py", line 992, in render
    bit = node.render_annotated(context)
  File "/home/guinsly/.pyenv/versions/django1.9.3.4.3/lib/python3.4/site-packages/django/template/base.py", line 959, in render_annotated
    return self.render(context)
  File "/home/guinsly/.pyenv/versions/django1.9.3.4.3/lib/python3.4/site-packages/django/template/loader_tags.py", line 173, in render
    return compiled_parent._render(context)
  File "/home/guinsly/.pyenv/versions/django1.9.3.4.3/lib/python3.4/site-packages/django/template/base.py", line 197, in _render
    return self.nodelist.render(context)
  File "/home/guinsly/.pyenv/versions/django1.9.3.4.3/lib/python3.4/site-packages/django/template/base.py", line 992, in render
    bit = node.render_annotated(context)
  File "/home/guinsly/.pyenv/versions/django1.9.3.4.3/lib/python3.4/site-packages/django/template/base.py", line 959, in render_annotated
    return self.render(context)
  File "/home/guinsly/.pyenv/versions/django1.9.3.4.3/lib/python3.4/site-packages/django/template/defaulttags.py", line 499, in render
    url = reverse(view_name, args=args, kwargs=kwargs, current_app=current_app)
  File "/home/guinsly/.pyenv/versions/django1.9.3.4.3/lib/python3.4/site-packages/django/core/urlresolvers.py", line 568, in reverse
    app_list = resolver.app_dict[ns]
  File "/home/guinsly/.pyenv/versions/django1.9.3.4.3/lib/python3.4/site-packages/django/core/urlresolvers.py", line 360, in app_dict
    self._populate()
  File "/home/guinsly/.pyenv/versions/django1.9.3.4.3/lib/python3.4/site-packages/django/core/urlresolvers.py", line 334, in _populate
    lookups.appendlist(pattern.callback, (bits, p_pattern, pattern.default_args))
  File "/home/guinsly/.pyenv/versions/django1.9.3.4.3/lib/python3.4/site-packages/django/core/urlresolvers.py", line 255, in callback
    self._callback = get_callable(self._callback_str)
  File "/home/guinsly/.pyenv/versions/3.4.4/lib/python3.4/functools.py", line 448, in wrapper
    result = user_function(*args, **kwds)
  File "/home/guinsly/.pyenv/versions/django1.9.3.4.3/lib/python3.4/site-packages/django/core/urlresolvers.py", line 136, in get_callable
    (lookup_view, mod_name))
django.core.exceptions.ViewDoesNotExist: Could not import 'applications.emplois.views.stats'. View does not exist in module applications.emplois.views.
[2016-05-26 16:14:04,087] INFO % : Error page not found 500
[2016-05-26 16:14:33,864] WARNING % : Not Found: /stats_emplois
[2016-05-26 16:14:33,866] INFO % : Error page not found 404
[2016-05-26 16:14:33,885] INFO % : Annee : 2016
[2016-05-26 16:14:33,885] INFO % : Mois : 2
[2016-05-26 16:14:33,886] INFO % : Jour : 2
[2016-05-26 16:14:33,886] INFO % : Language Code : fr
[2016-05-26 16:14:42,869] WARNING % : Not Found: /stats_emplois
[2016-05-26 16:14:42,870] INFO % : Error page not found 404
[2016-05-26 16:14:42,897] INFO % : Annee : 2016
[2016-05-26 16:14:42,897] INFO % : Mois : 4
[2016-05-26 16:14:42,897] INFO % : Jour : 11
[2016-05-26 16:14:42,898] INFO % : Language Code : fr
[2016-05-26 16:15:05,244] WARNING % : Not Found: /stats_emplois
[2016-05-26 16:15:05,245] INFO % : Error page not found 404
[2016-05-26 16:15:05,268] INFO % : Annee : 2016
[2016-05-26 16:15:05,269] INFO % : Mois : 2
[2016-05-26 16:15:05,269] INFO % : Jour : 17
[2016-05-26 16:15:05,269] INFO % : Language Code : fr
[2016-05-26 16:15:55,846] WARNING % : Not Found: /stats_emplois
[2016-05-26 16:15:55,849] INFO % : Error page not found 404
[2016-05-26 16:15:55,871] INFO % : Annee : 2016
[2016-05-26 16:15:55,871] INFO % : Mois : 2
[2016-05-26 16:15:55,871] INFO % : Jour : 1
[2016-05-26 16:15:55,871] INFO % : Language Code : fr
[2016-05-26 16:16:55,485] WARNING % : Not Found: /emplois/stats_emplois
[2016-05-26 16:16:55,487] INFO % : Error page not found 404
[2016-05-26 16:16:55,510] INFO % : Annee : 2016
[2016-05-26 16:16:55,510] INFO % : Mois : 2
[2016-05-26 16:16:55,511] INFO % : Jour : 2
[2016-05-26 16:16:55,511] INFO % : Language Code : fr
[2016-05-26 16:17:12,741] WARNING % : Not Found: /emplois/emplois
[2016-05-26 16:17:12,744] INFO % : Error page not found 404
